Using pre-set license
Built from '2021.3/staging' branch; Version is '2021.3.3f1 (af2e63e8f9bd) revision 11480675'; Using compiler version '192829333'; Build Type 'Release'
OS: 'Windows 11  (10.0.22000) 64bit Core' Language: 'nl' Physical Memory: 15789 MB
BatchMode: 1, IsHumanControllingUs: 0, StartBugReporterOnCrash: 0, Is64bit: 1, IsPro: 1

COMMAND LINE ARGUMENTS:
C:\Program Files\Unity\Hub\Editor\2021.3.3f1\Editor\Unity.exe
-adb2
-batchMode
-noUpm
-name
AssetImportWorker1
-projectPath
C:/Users/nikki/OneDrive/Desktop/School/Bo/space-AtomA-cake/game/unity/BO4
-logFile
Logs/AssetImportWorker1.log
-srvPort
55511
Successfully changed project path to: C:/Users/nikki/OneDrive/Desktop/School/Bo/space-AtomA-cake/game/unity/BO4
C:/Users/nikki/OneDrive/Desktop/School/Bo/space-AtomA-cake/game/unity/BO4
[UnityMemory] Configuration Parameters - Can be set up in boot.config
    "memorysetup-bucket-allocator-granularity=16"
    "memorysetup-bucket-allocator-bucket-count=8"
    "memorysetup-bucket-allocator-block-size=33554432"
    "memorysetup-bucket-allocator-block-count=8"
    "memorysetup-main-allocator-block-size=16777216"
    "memorysetup-thread-allocator-block-size=16777216"
    "memorysetup-gfx-main-allocator-block-size=16777216"
    "memorysetup-gfx-thread-allocator-block-size=16777216"
    "memorysetup-cache-allocator-block-size=4194304"
    "memorysetup-typetree-allocator-block-size=2097152"
    "memorysetup-profiler-bucket-allocator-granularity=16"
    "memorysetup-profiler-bucket-allocator-bucket-count=8"
    "memorysetup-profiler-bucket-allocator-block-size=33554432"
    "memorysetup-profiler-bucket-allocator-block-count=8"
    "memorysetup-profiler-allocator-block-size=16777216"
    "memorysetup-profiler-editor-allocator-block-size=1048576"
    "memorysetup-temp-allocator-size-main=16777216"
    "memorysetup-job-temp-allocator-block-size=2097152"
    "memorysetup-job-temp-allocator-block-size-background=1048576"
    "memorysetup-job-temp-allocator-reduction-small-platforms=262144"
    "memorysetup-temp-allocator-size-background-worker=32768"
    "memorysetup-temp-allocator-size-job-worker=262144"
    "memorysetup-temp-allocator-size-preload-manager=33554432"
    "memorysetup-temp-allocator-size-nav-mesh-worker=65536"
    "memorysetup-temp-allocator-size-audio-worker=65536"
    "memorysetup-temp-allocator-size-cloud-worker=32768"
    "memorysetup-temp-allocator-size-gi-baking-worker=262144"
    "memorysetup-temp-allocator-size-gfx=262144"
Refreshing native plugins compatible for Editor in 136.98 ms, found 3 plugins.
Preloading 0 native plugins for Editor in 0.00 ms.
Initialize engine version: 2021.3.3f1 (af2e63e8f9bd)
[Subsystems] Discovering subsystems at path C:/Program Files/Unity/Hub/Editor/2021.3.3f1/Editor/Data/Resources/UnitySubsystems
[Subsystems] Discovering subsystems at path C:/Users/nikki/OneDrive/Desktop/School/Bo/space-AtomA-cake/game/unity/BO4/Assets
GfxDevice: creating device client; threaded=0; jobified=0
Direct3D:
    Version:  Direct3D 11.0 [level 11.1]
    Renderer: NVIDIA GeForce GTX 1660 Ti with Max-Q Design (ID=0x2191)
    Vendor:   NVIDIA
    VRAM:     5991 MB
    Driver:   27.21.14.5763
Initialize mono
Mono path[0] = 'C:/Program Files/Unity/Hub/Editor/2021.3.3f1/Editor/Data/Managed'
Mono path[1] = 'C:/Program Files/Unity/Hub/Editor/2021.3.3f1/Editor/Data/MonoBleedingEdge/lib/mono/unityjit-win32'
Mono config path = 'C:/Program Files/Unity/Hub/Editor/2021.3.3f1/Editor/Data/MonoBleedingEdge/etc'
Using monoOptions --debugger-agent=transport=dt_socket,embedding=1,server=y,suspend=n,address=127.0.0.1:56584
Begin MonoManager ReloadAssembly
Registering precompiled unity dll's ...
Register platform support module: C:/Program Files/Unity/Hub/Editor/2021.3.3f1/Editor/Data/PlaybackEngines/WebGLSupport/UnityEditor.WebGL.Extensions.dll
Register platform support module: C:/Program Files/Unity/Hub/Editor/2021.3.3f1/Editor/Data/PlaybackEngines/WindowsStandaloneSupport/UnityEditor.WindowsStandalone.Extensions.dll
Registered in 0.011169 seconds.
Native extension for WindowsStandalone target not found
Native extension for WebGL target not found
Refreshing native plugins compatible for Editor in 107.51 ms, found 3 plugins.
Preloading 0 native plugins for Editor in 0.00 ms.
Mono: successfully reloaded assembly
- Completed reload, in  1.456 seconds
Domain Reload Profiling:
	ReloadAssembly (1457ms)
		BeginReloadAssembly (211ms)
			ExecutionOrderSort (0ms)
			DisableScriptedObjects (0ms)
			BackupInstance (0ms)
			ReleaseScriptingObjects (0ms)
			CreateAndSetChildDomain (2ms)
		EndReloadAssembly (1002ms)
			LoadAssemblies (206ms)
			RebuildTransferFunctionScriptingTraits (0ms)
			SetupTypeCache (221ms)
			ReleaseScriptCaches (0ms)
			RebuildScriptCaches (61ms)
			SetupLoadedEditorAssemblies (591ms)
				LogAssemblyErrors (0ms)
				InitializePlatformSupportModulesInManaged (20ms)
				SetLoadedEditorAssemblies (0ms)
				RefreshPlugins (108ms)
				BeforeProcessingInitializeOnLoad (2ms)
				ProcessInitializeOnLoadAttributes (368ms)
				ProcessInitializeOnLoadMethodAttributes (92ms)
				AfterProcessingInitializeOnLoad (0ms)
				EditorAssembliesLoaded (0ms)
			ExecutionOrderSort2 (0ms)
			AwakeInstancesAfterBackupRestoration (0ms)
Platform modules already initialized, skipping
Registering precompiled user dll's ...
Registered in 0.012156 seconds.
Begin MonoManager ReloadAssembly
Native extension for WindowsStandalone target not found
Native extension for WebGL target not found
Refreshing native plugins compatible for Editor in 0.98 ms, found 3 plugins.
Preloading 0 native plugins for Editor in 0.00 ms.
Mono: successfully reloaded assembly
- Completed reload, in  1.647 seconds
Domain Reload Profiling:
	ReloadAssembly (1649ms)
		BeginReloadAssembly (217ms)
			ExecutionOrderSort (0ms)
			DisableScriptedObjects (11ms)
			BackupInstance (0ms)
			ReleaseScriptingObjects (0ms)
			CreateAndSetChildDomain (35ms)
		EndReloadAssembly (1141ms)
			LoadAssemblies (126ms)
			RebuildTransferFunctionScriptingTraits (0ms)
			SetupTypeCache (380ms)
			ReleaseScriptCaches (2ms)
			RebuildScriptCaches (96ms)
			SetupLoadedEditorAssemblies (416ms)
				LogAssemblyErrors (0ms)
				InitializePlatformSupportModulesInManaged (15ms)
				SetLoadedEditorAssemblies (1ms)
				RefreshPlugins (1ms)
				BeforeProcessingInitializeOnLoad (180ms)
				ProcessInitializeOnLoadAttributes (180ms)
				ProcessInitializeOnLoadMethodAttributes (26ms)
				AfterProcessingInitializeOnLoad (12ms)
				EditorAssembliesLoaded (0ms)
			ExecutionOrderSort2 (0ms)
			AwakeInstancesAfterBackupRestoration (12ms)
Platform modules already initialized, skipping
========================================================================
Worker process is ready to serve import requests
Launched and connected shader compiler UnityShaderCompiler.exe after 0.07 seconds
Refreshing native plugins compatible for Editor in 1.02 ms, found 3 plugins.
Preloading 0 native plugins for Editor in 0.00 ms.
Unloading 2501 Unused Serialized files (Serialized files now loaded: 0)
Unloading 21 unused Assets / (30.2 KB). Loaded Objects now: 2974.
Memory consumption went from 130.4 MB to 130.4 MB.
Total: 3.898200 ms (FindLiveObjects: 0.381900 ms CreateObjectMapping: 0.140800 ms MarkObjects: 3.332600 ms  DeleteObjects: 0.040600 ms)

AssetImportParameters requested are different than current active one (requested -> active):
  custom:video-decoder-ogg-theora: a1e56fd34408186e4bbccfd4996cb3dc -> 
  custom:container-muxer-webm: aa71ff27fc2769a1b78a27578f13a17b -> 
  custom:container-demuxer-webm: 4f35f7cbe854078d1ac9338744f61a02 -> 
  custom:video-encoder-webm-vp8: eb34c28f22e8b96e1ab97ce403110664 -> 
  custom:audio-encoder-webm-vorbis: bf7c407c2cedff20999df2af8eb42d56 -> 
  custom:framework-win-MediaFoundation: 216162199b28c13a410421893ffa2e32 -> 
  custom:container-demuxer-ogg: 62fdf1f143b41e24485cea50d1cbac27 -> 
  custom:video-decoder-webm-vp8: 9c59270c3fd7afecdb556c50c9e8de78 -> 
  custom:audio-decoder-ogg-vorbis: bf7c407c2cedff20999df2af8eb42d56 -> 
========================================================================
Received Import Request.
  Time since last request: 569596.176244 seconds.
  path: Assets/Nikki/Code/MenuManager.cs
  artifactKey: Guid(3d7f24c7b9f194d4b9e12333256e1670) Importer(815301076,1909f56bfc062723c751e8b465ee728b)
Start importing Assets/Nikki/Code/MenuManager.cs using Guid(3d7f24c7b9f194d4b9e12333256e1670) Importer(815301076,1909f56bfc062723c751e8b465ee728b)  -> (artifact id: '10abcd2ee6d4e3d7bed5d7ea4d30bc05') in 0.025840 seconds 
========================================================================
Received Import Request.
  Time since last request: 130.338833 seconds.
  path: Assets/Nikki/Assets/360_F_268473375_BQumbMdHtqaUJ8gGgu8LhEMl0dN5PebQ.jpg
  artifactKey: Guid(4a6a84fb9fb9ecf4e8fbe0543ae60e90) Importer(815301076,1909f56bfc062723c751e8b465ee728b)
Start importing Assets/Nikki/Assets/360_F_268473375_BQumbMdHtqaUJ8gGgu8LhEMl0dN5PebQ.jpg using Guid(4a6a84fb9fb9ecf4e8fbe0543ae60e90) Importer(815301076,1909f56bfc062723c751e8b465ee728b)  -> (artifact id: '072307f4c5ada818fc00b6b41781343e') in 0.527651 seconds 
========================================================================
Received Import Request.
  Time since last request: 0.000058 seconds.
  path: Assets/Nikki/Assets/Heart.png
  artifactKey: Guid(df5d3a38f81113147a94391363c9d3d3) Importer(815301076,1909f56bfc062723c751e8b465ee728b)
Start importing Assets/Nikki/Assets/Heart.png using Guid(df5d3a38f81113147a94391363c9d3d3) Importer(815301076,1909f56bfc062723c751e8b465ee728b)  -> (artifact id: 'f2e2a3492f358071ce2622891a6bbe86') in 0.095013 seconds 
========================================================================
Received Import Request.
  Time since last request: 0.000309 seconds.
  path: Assets/Nikki/Assets/Volume_bar_mixer_-_kopie.png
  artifactKey: Guid(1d089335a001bd7449693fc85bf35cd7) Importer(815301076,1909f56bfc062723c751e8b465ee728b)
Start importing Assets/Nikki/Assets/Volume_bar_mixer_-_kopie.png using Guid(1d089335a001bd7449693fc85bf35cd7) Importer(815301076,1909f56bfc062723c751e8b465ee728b)  -> (artifact id: 'd97fa0c8e4fd99a534f846834997ea73') in 0.059722 seconds 
========================================================================
Received Import Request.
  Time since last request: 0.000051 seconds.
  path: Assets/Nikki/Assets/Exit_game_menu_space.png
  artifactKey: Guid(917c9466b20385e4385efc830ce485a2) Importer(815301076,1909f56bfc062723c751e8b465ee728b)
Start importing Assets/Nikki/Assets/Exit_game_menu_space.png using Guid(917c9466b20385e4385efc830ce485a2) Importer(815301076,1909f56bfc062723c751e8b465ee728b)  -> (artifact id: '6b51f3607ef00b4df035e16f3bff3195') in 0.040271 seconds 
========================================================================
Received Import Request.
  Time since last request: 0.000045 seconds.
  path: Assets/Nikki/Assets/unknown.png
  artifactKey: Guid(85004db4fbe6717428c76bde1f4886e5) Importer(815301076,1909f56bfc062723c751e8b465ee728b)
Start importing Assets/Nikki/Assets/unknown.png using Guid(85004db4fbe6717428c76bde1f4886e5) Importer(815301076,1909f56bfc062723c751e8b465ee728b)  -> (artifact id: 'f63629f8997b26135f6db85dbf18c884') in 0.184416 seconds 
========================================================================
Received Import Request.
  Time since last request: 0.000052 seconds.
  path: Assets/Nikki/Assets/Volume_bar_mixer.png
  artifactKey: Guid(832251ceeeeae7e49a0f37d697d8538b) Importer(815301076,1909f56bfc062723c751e8b465ee728b)
Start importing Assets/Nikki/Assets/Volume_bar_mixer.png using Guid(832251ceeeeae7e49a0f37d697d8538b) Importer(815301076,1909f56bfc062723c751e8b465ee728b)  -> (artifact id: '4e9fa591d562312e958cbce6747f2af0') in 0.035727 seconds 
========================================================================
Received Import Request.
  Time since last request: 0.000065 seconds.
  path: Assets/Nikki/Assets/Settings_spacesh.png
  artifactKey: Guid(a9296ff311ed4df4bbed34c6ab9e4661) Importer(815301076,1909f56bfc062723c751e8b465ee728b)
Start importing Assets/Nikki/Assets/Settings_spacesh.png using Guid(a9296ff311ed4df4bbed34c6ab9e4661) Importer(815301076,1909f56bfc062723c751e8b465ee728b)  -> (artifact id: '790e1993c15c7d878fc3e13dae991e95') in 0.035466 seconds 
========================================================================
Received Import Request.
  Time since last request: 0.000066 seconds.
  path: Assets/Nikki/Assets/hdhhdhdhd.png
  artifactKey: Guid(7fe4c6d75c97dd84da28bc35829f1793) Importer(815301076,1909f56bfc062723c751e8b465ee728b)
Start importing Assets/Nikki/Assets/hdhhdhdhd.png using Guid(7fe4c6d75c97dd84da28bc35829f1793) Importer(815301076,1909f56bfc062723c751e8b465ee728b)  -> (artifact id: '8ccf51535a2311a976f5467fcac1d360') in 0.043179 seconds 
========================================================================
Received Import Request.
  Time since last request: 0.000063 seconds.
  path: Assets/Nikki/Assets/pnghut_clip-art-area-crosshair.png
  artifactKey: Guid(07f97fb20042edd4a85ac562e282d58b) Importer(815301076,1909f56bfc062723c751e8b465ee728b)
Start importing Assets/Nikki/Assets/pnghut_clip-art-area-crosshair.png using Guid(07f97fb20042edd4a85ac562e282d58b) Importer(815301076,1909f56bfc062723c751e8b465ee728b)  -> (artifact id: '5df78ba2c2b66e6a72ab14e4f97815ec') in 0.329184 seconds 
========================================================================
Received Import Request.
  Time since last request: 0.000037 seconds.
  path: Assets/Nikki/Assets/background placeholder.jpg
  artifactKey: Guid(d96fdc56d3d1f4649b82abcb7527f7ce) Importer(815301076,1909f56bfc062723c751e8b465ee728b)
Start importing Assets/Nikki/Assets/background placeholder.jpg using Guid(d96fdc56d3d1f4649b82abcb7527f7ce) Importer(815301076,1909f56bfc062723c751e8b465ee728b)  -> (artifact id: '75fd42e35deb8b09e66f65592588fef6') in 0.188141 seconds 
